2025-10-18 04:37:25.782 [info] Reading sessions from keychain...
2025-10-18 04:37:25.782 [info] Getting sessions for all scopes...
2025-10-18 04:37:25.782 [info] Got 0 sessions for ...
2025-10-18 04:37:25.782 [info] Getting sessions for all scopes...
2025-10-18 04:37:25.782 [info] Got 0 sessions for ...
2025-10-18 04:37:25.782 [info] Getting sessions for all scopes...
2025-10-18 04:37:25.782 [info] Got 0 sessions for ...
2025-10-18 04:37:25.782 [info] Getting sessions for all scopes...
2025-10-18 04:37:25.782 [info] Got 0 sessions for ...
2025-10-18 04:37:25.782 [info] Getting sessions for all scopes...
2025-10-18 04:37:25.782 [info] Got 0 sessions for ...
2025-10-18 04:37:25.782 [info] Getting sessions for all scopes...
2025-10-18 04:37:25.782 [info] Got 0 sessions for ...
2025-10-18 04:37:25.782 [info] Getting sessions for all scopes...
2025-10-18 04:37:25.782 [info] Got 0 sessions for ...
2025-10-18 04:37:25.782 [info] Getting sessions for all scopes...
2025-10-18 04:37:25.782 [info] Got 0 sessions for ...
2025-10-18 04:37:25.782 [info] Getting sessions for all scopes...
2025-10-18 04:37:25.782 [info] Got 0 sessions for ...
2025-10-18 04:37:25.805 [info] Getting sessions for all scopes...
2025-10-18 04:37:25.805 [info] Got 0 sessions for ...
2025-10-18 04:37:25.806 [info] Getting sessions for all scopes...
2025-10-18 04:37:25.806 [info] Got 0 sessions for ...
2025-10-18 04:37:25.806 [info] Getting sessions for all scopes...
2025-10-18 04:37:25.806 [info] Got 0 sessions for ...
2025-10-18 04:37:25.806 [info] Getting sessions for all scopes...
2025-10-18 04:37:25.806 [info] Got 0 sessions for ...
2025-10-18 04:37:25.806 [info] Getting sessions for all scopes...
2025-10-18 04:37:25.806 [info] Got 0 sessions for ...
2025-10-18 04:37:25.806 [info] Getting sessions for all scopes...
2025-10-18 04:37:25.806 [info] Got 0 sessions for ...
2025-10-18 04:37:26.046 [info] Getting sessions for all scopes...
2025-10-18 04:37:26.047 [info] Got 0 sessions for ...
2025-10-18 04:37:27.747 [info] Getting sessions for all scopes...
2025-10-18 04:37:27.747 [info] Got 0 sessions for ...
2025-10-18 04:37:27.747 [info] Getting sessions for all scopes...
2025-10-18 04:37:27.747 [info] Got 0 sessions for ...
2025-10-18 04:37:27.754 [info] Getting sessions for all scopes...
2025-10-18 04:37:27.754 [info] Got 0 sessions for ...
2025-10-18 04:43:16.366 [info] Getting sessions for all scopes...
2025-10-18 04:43:16.367 [info] Got 0 sessions for ...
2025-10-18 04:43:16.367 [info] Getting sessions for all scopes...
2025-10-18 04:43:16.367 [info] Got 0 sessions for ...
2025-10-18 04:43:16.543 [info] Getting sessions for user:email...
2025-10-18 04:43:16.543 [info] Got 0 sessions for user:email...
2025-10-18 04:43:16.544 [info] Getting sessions for read:user,repo,user:email,workflow...
2025-10-18 04:43:16.544 [info] Got 0 sessions for read:user,repo,user:email,workflow...
2025-10-18 04:43:16.737 [info] Getting sessions for all scopes...
2025-10-18 04:43:16.737 [info] Got 0 sessions for ...
2025-10-18 04:43:16.742 [info] Getting sessions for all scopes...
2025-10-18 04:43:16.742 [info] Got 0 sessions for ...
2025-10-18 04:43:16.742 [info] Getting sessions for read:user,repo,user:email,workflow...
2025-10-18 04:43:16.742 [info] Got 0 sessions for read:user,repo,user:email,workflow...
2025-10-18 04:43:16.744 [info] Getting sessions for all scopes...
2025-10-18 04:43:16.744 [info] Got 0 sessions for ...
2025-10-18 04:43:16.747 [info] Getting sessions for read:user...
2025-10-18 04:43:16.747 [info] Got 0 sessions for read:user...
2025-10-18 04:43:16.749 [info] Getting sessions for user:email...
2025-10-18 04:43:16.749 [info] Got 0 sessions for user:email...
2025-10-18 04:43:16.831 [info] Getting sessions for all scopes...
2025-10-18 04:43:16.831 [info] Got 0 sessions for ...
2025-10-18 04:43:16.831 [info] Getting sessions for all scopes...
2025-10-18 04:43:16.831 [info] Got 0 sessions for ...
2025-10-18 04:43:16.832 [info] Getting sessions for user:email...
2025-10-18 04:43:16.832 [info] Got 0 sessions for user:email...
2025-10-18 04:43:16.923 [info] Getting sessions for all scopes...
2025-10-18 04:43:16.923 [info] Got 0 sessions for ...
2025-10-18 04:43:16.923 [info] Getting sessions for all scopes...
2025-10-18 04:43:16.923 [info] Got 0 sessions for ...
2025-10-18 04:43:16.937 [info] Getting sessions for user:email...
2025-10-18 04:43:16.937 [info] Got 0 sessions for user:email...
2025-10-18 04:43:16.938 [info] Getting sessions for read:user,repo,user:email,workflow...
2025-10-18 04:43:16.938 [info] Got 0 sessions for read:user,repo,user:email,workflow...
2025-10-18 04:43:16.939 [info] Getting sessions for all scopes...
2025-10-18 04:43:16.939 [info] Got 0 sessions for ...
2025-10-18 04:43:16.940 [info] Getting sessions for user:email...
2025-10-18 04:43:16.940 [info] Got 0 sessions for user:email...
2025-10-18 04:43:22.029 [info] Getting sessions for all scopes...
2025-10-18 04:43:22.029 [info] Got 0 sessions for ...
2025-10-18 04:43:22.034 [info] Getting sessions for all scopes...
2025-10-18 04:43:22.034 [info] Got 0 sessions for ...
2025-10-18 04:43:22.079 [info] Getting sessions for all scopes...
2025-10-18 04:43:22.079 [info] Got 0 sessions for ...
2025-10-18 04:43:22.119 [info] Getting sessions for user:email...
2025-10-18 04:43:22.119 [info] Got 0 sessions for user:email...
2025-10-18 04:44:45.896 [info] Reading sessions from keychain...
2025-10-18 04:44:45.896 [info] Getting sessions for all scopes...
2025-10-18 04:44:45.896 [info] Got 0 sessions for ...
2025-10-18 04:44:45.896 [info] Getting sessions for all scopes...
2025-10-18 04:44:45.896 [info] Got 0 sessions for ...
2025-10-18 04:44:45.896 [info] Getting sessions for all scopes...
2025-10-18 04:44:45.896 [info] Got 0 sessions for ...
2025-10-18 04:44:45.896 [info] Getting sessions for all scopes...
2025-10-18 04:44:45.896 [info] Got 0 sessions for ...
2025-10-18 04:44:45.896 [info] Getting sessions for all scopes...
2025-10-18 04:44:45.896 [info] Got 0 sessions for ...
2025-10-18 04:44:45.896 [info] Getting sessions for all scopes...
2025-10-18 04:44:45.896 [info] Got 0 sessions for ...
2025-10-18 04:44:45.896 [info] Getting sessions for all scopes...
2025-10-18 04:44:45.896 [info] Got 0 sessions for ...
2025-10-18 04:44:45.896 [info] Getting sessions for all scopes...
2025-10-18 04:44:45.896 [info] Got 0 sessions for ...
2025-10-18 04:44:45.896 [info] Getting sessions for all scopes...
2025-10-18 04:44:45.896 [info] Got 0 sessions for ...
2025-10-18 04:44:45.953 [info] Getting sessions for user:email...
2025-10-18 04:44:45.953 [info] Got 0 sessions for user:email...
2025-10-18 04:44:45.954 [info] Getting sessions for read:user,repo,user:email,workflow...
2025-10-18 04:44:45.954 [info] Got 0 sessions for read:user,repo,user:email,workflow...
2025-10-18 04:44:45.982 [info] Getting sessions for all scopes...
2025-10-18 04:44:45.982 [info] Got 0 sessions for ...
2025-10-18 04:44:45.983 [info] Getting sessions for all scopes...
2025-10-18 04:44:45.983 [info] Got 0 sessions for ...
2025-10-18 04:44:45.984 [info] Getting sessions for user:email...
2025-10-18 04:44:45.984 [info] Got 0 sessions for user:email...
2025-10-18 04:44:47.145 [info] Getting sessions for all scopes...
2025-10-18 04:44:47.145 [info] Got 0 sessions for ...
2025-10-18 04:44:47.235 [info] Getting sessions for all scopes...
2025-10-18 04:44:47.235 [info] Got 0 sessions for ...
2025-10-18 04:44:47.336 [info] Getting sessions for user:email...
2025-10-18 04:44:47.336 [info] Got 0 sessions for user:email...
2025-10-18 04:44:47.543 [info] Getting sessions for read:user,repo,user:email,workflow...
2025-10-18 04:44:47.543 [info] Got 0 sessions for read:user,repo,user:email,workflow...
2025-10-18 04:44:47.577 [info] Getting sessions for read:user,repo,user:email,workflow...
2025-10-18 04:44:47.577 [info] Got 0 sessions for read:user,repo,user:email,workflow...
2025-10-18 04:44:47.632 [info] Getting sessions for all scopes...
2025-10-18 04:44:47.632 [info] Got 0 sessions for ...
2025-10-18 04:44:47.635 [info] Getting sessions for read:user...
2025-10-18 04:44:47.635 [info] Got 0 sessions for read:user...
2025-10-18 04:44:47.637 [info] Getting sessions for user:email...
2025-10-18 04:44:47.637 [info] Got 0 sessions for user:email...
2025-10-18 04:44:47.637 [info] Getting sessions for user:email...
2025-10-18 04:44:47.637 [info] Got 0 sessions for user:email...
2025-10-18 04:46:06.793 [info] Getting sessions for user:email...
2025-10-18 04:46:06.794 [info] Got 0 sessions for user:email...
2025-10-18 04:46:09.999 [info] Logging in with 'any' account...
2025-10-18 04:46:09.999 [info] Logging in for the following scopes: user:email
2025-10-18 04:46:10.012 [info] Trying with local server... (user:email)
2025-10-18 04:46:28.500 [info] Reading sessions from keychain...
2025-10-18 04:46:28.500 [info] Getting sessions for all scopes...
2025-10-18 04:46:28.500 [info] Got 0 sessions for ...
2025-10-18 04:46:28.500 [info] Getting sessions for all scopes...
2025-10-18 04:46:28.500 [info] Got 0 sessions for ...
2025-10-18 04:46:28.500 [info] Getting sessions for all scopes...
2025-10-18 04:46:28.500 [info] Got 0 sessions for ...
2025-10-18 04:46:28.500 [info] Getting sessions for all scopes...
2025-10-18 04:46:28.500 [info] Got 0 sessions for ...
2025-10-18 04:46:28.500 [info] Getting sessions for all scopes...
2025-10-18 04:46:28.500 [info] Got 0 sessions for ...
2025-10-18 04:46:28.500 [info] Getting sessions for all scopes...
2025-10-18 04:46:28.500 [info] Got 0 sessions for ...
2025-10-18 04:46:28.500 [info] Getting sessions for all scopes...
2025-10-18 04:46:28.500 [info] Got 0 sessions for ...
2025-10-18 04:46:28.500 [info] Getting sessions for all scopes...
2025-10-18 04:46:28.500 [info] Got 0 sessions for ...
2025-10-18 04:46:28.500 [info] Getting sessions for all scopes...
2025-10-18 04:46:28.500 [info] Got 0 sessions for ...
2025-10-18 04:46:28.559 [info] Getting sessions for user:email...
2025-10-18 04:46:28.559 [info] Got 0 sessions for user:email...
2025-10-18 04:46:28.559 [info] Getting sessions for read:user,repo,user:email,workflow...
2025-10-18 04:46:28.559 [info] Got 0 sessions for read:user,repo,user:email,workflow...
2025-10-18 04:46:28.594 [info] Getting sessions for all scopes...
2025-10-18 04:46:28.594 [info] Got 0 sessions for ...
2025-10-18 04:46:28.601 [info] Getting sessions for all scopes...
2025-10-18 04:46:28.601 [info] Got 0 sessions for ...
2025-10-18 04:46:28.613 [info] Getting sessions for user:email...
2025-10-18 04:46:28.613 [info] Got 0 sessions for user:email...
2025-10-18 04:46:29.824 [info] Getting sessions for all scopes...
2025-10-18 04:46:29.824 [info] Got 0 sessions for ...
2025-10-18 04:46:29.933 [info] Getting sessions for all scopes...
2025-10-18 04:46:29.933 [info] Got 0 sessions for ...
2025-10-18 04:46:30.046 [info] Getting sessions for user:email...
2025-10-18 04:46:30.046 [info] Got 0 sessions for user:email...
2025-10-18 04:46:30.376 [info] Getting sessions for read:user,repo,user:email,workflow...
2025-10-18 04:46:30.376 [info] Got 0 sessions for read:user,repo,user:email,workflow...
2025-10-18 04:46:30.378 [info] Getting sessions for read:user,repo,user:email,workflow...
2025-10-18 04:46:30.378 [info] Got 0 sessions for read:user,repo,user:email,workflow...
2025-10-18 04:46:30.413 [info] Getting sessions for all scopes...
2025-10-18 04:46:30.413 [info] Got 0 sessions for ...
2025-10-18 04:46:30.413 [info] Getting sessions for read:user...
2025-10-18 04:46:30.413 [info] Got 0 sessions for read:user...
2025-10-18 04:46:30.462 [info] Getting sessions for user:email...
2025-10-18 04:46:30.462 [info] Got 0 sessions for user:email...
2025-10-18 04:46:30.462 [info] Getting sessions for user:email...
2025-10-18 04:46:30.462 [info] Got 0 sessions for user:email...
